
──────────────────────────────────────────────────────────────────────
  Step 1/4 — Loading data
──────────────────────────────────────────────────────────────────────
  Data directory: /Users/felipequiroz/Desktop/CS_6140/TriML
  Merged shape: (366000, 78)  (41.9s)

──────────────────────────────────────────────────────────────────────
  Step 2/4 — Engineering features
──────────────────────────────────────────────────────────────────────
  acwr                   mean=  1.003  std= 0.164  min=  0.088  max=  1.832
  hrv_zscore             mean= -0.009  std= 1.025  min= -3.474  max=  3.474
  sleep_composite_z      mean=  0.000  std= 0.999  min= -6.406  max=  5.606
  rhr_trend              mean=  0.007  std= 0.371  min= -2.976  max=  4.183
  grit_score             mean= 63.134  std=11.079  min= 24.326  max= 94.358

  Load class distribution:
    Undertrained     89,999  (24.6%)
    Balanced        186,002  (50.8%)
    Overreaching     89,999  (24.6%)

  Injury prevalence: 8.14%  (class imbalance ratio)
  Feature engineering done  (5.2s)

──────────────────────────────────────────────────────────────────────
  Step 3/4 — Building feature matrix
──────────────────────────────────────────────────────────────────────
  X shape      : (337995, 24)
  y_injury     : [308535  29460]  (0=healthy, 1=injured)
  y_load       : [ 84855 168463  84677]  (0=Undertrained, 1=Balanced, 2=Overreaching)
  grit_score   : mean=63.1  std=11.1
  Unique groups: 1000 athletes

──────────────────────────────────────────────────────────────────────
  Step 4/4 — Training models (5-fold GroupKFold CV)
──────────────────────────────────────────────────────────────────────
  This may take 5–15 minutes depending on hardware...

Running injury classification CV...
Running load-class classification CV...
Running Grit Score regression CV...

  All models done  (1815.3s)

──────────────────────────────────────────────────────────────────────
  Classification — Injury (binary: 0=healthy, 1=injured)
──────────────────────────────────────────────────────────────────────
Model                       ROC-AUC   F1-macro   Precision    Recall   Accuracy
-------------------------------------------------------------------------------
Logistic Regression     0.875±0.002  0.699±0.004  0.663±0.003  0.810±0.003  0.858±0.005
Random Forest           0.901±0.003  0.839±0.003  0.860±0.004  0.821±0.003  0.951±0.001
DNN (MLP)               0.948±0.010  0.871±0.022  0.843±0.024  0.905±0.017  0.955±0.008

──────────────────────────────────────────────────────────────────────
  Classification — Load Class (0=Undertrained, 1=Balanced, 2=Overreaching)
──────────────────────────────────────────────────────────────────────
Model                       ROC-AUC   F1-macro   Precision    Recall   Accuracy
-------------------------------------------------------------------------------
Logistic Regression     0.988±0.000  0.914±0.001  0.906±0.001  0.925±0.001  0.913±0.001
Random Forest           0.987±0.000  0.914±0.001  0.908±0.001  0.920±0.001  0.913±0.001
DNN (MLP)               0.997±0.000  0.959±0.002  0.960±0.003  0.958±0.001  0.959±0.002

──────────────────────────────────────────────────────────────────────
  Regression — Grit Score (0–100)
──────────────────────────────────────────────────────────────────────
Model                          RMSE          MAE           R²
-------------------------------------------------------------
Lasso + Poly            1.809±0.024   1.372±0.019   0.973±0.001
Random Forest           1.540±0.030   1.182±0.020   0.981±0.001
DNN (MLP)               1.193±0.044   0.933±0.042   0.988±0.001

──────────────────────────────────────────────────────────────────────
  Top 10 Feature Importances (Random Forest) — Injury Classification
──────────────────────────────────────────────────────────────────────
   1. deep_sleep                     0.2457  █████████████████████████████████████████████████
   2. sleep_quality                  0.1257  █████████████████████████
   3. sleep_hours                    0.1077  █████████████████████
   4. rhr_trend                      0.0846  ████████████████
   5. rem_sleep                      0.0832  ████████████████
   6. hrv_zscore                     0.0718  ██████████████
   7. stress                         0.0490  █████████
   8. body_battery_morning           0.0426  ████████
   9. sleep_composite_z              0.0312  ██████
  10. hrv                            0.0304  ██████

──────────────────────────────────────────────────────────────────────
  Top 10 Feature Importances (Random Forest) — Grit Score Regression
──────────────────────────────────────────────────────────────────────
   1. hrv_zscore                     0.4898  █████████████████████████████████████████████████████████████████████████████████████████████████
   2. sleep_composite_z              0.3189  ███████████████████████████████████████████████████████████████
   3. body_battery_morning           0.1547  ██████████████████████████████
   4. stress                         0.0230  ████
   5. acwr                           0.0128  ██
   6. sleep_hours                    0.0001  
   7. rhr_trend                      0.0001  
   8. deep_sleep                     0.0001  
   9. lifestyle_enc                  0.0001  
  10. resting_hr                     0.0001  

──────────────────────────────────────────────────────────────────────
  Results saved → /Users/felipequiroz/Desktop/CS_6140/TriML/results/ml_results.pkl
  Total runtime : 1863.3s
──────────────────────────────────────────────────────────────────────
